<?xml version="1.0" encoding="UTF-8"?>
<!-- Generated by org.testng.reporters.JUnitReportReporter -->
<testsuite hostname="LAPTOP-STP14Q1E" failures="0" tests="6" name="test.Day3" time="0.031" errors="0" timestamp="2024-08-20T18:46:21 IST" skipped="0">
  <testcase classname="test.Day3" name="mobileLogincarLoan" time="0.012"/>
  <system-out/>
  <testcase classname="test.Day3" name="mobileSignOUTcarLoan" time="0.008"/>
  <system-out/>
  <testcase classname="test.Day3" name="mobileSignINcarLoan" time="0.003"/>
  <system-out/>
  <testcase classname="test.Day3" name="mobileSignOUTcarLoan" time="0.003"/>
  <system-out/>
  <testcase classname="test.Day3" name="mobileSignOUTcarLoan" time="0.002"/>
  <system-out/>
  <testcase classname="test.Day3" name="weblogincarLoan" time="0.003"/>
  <system-out/>
</testsuite> <!-- test.Day3 -->
