<?xml version="1.0" encoding="UTF-8"?>
<!-- Generated by org.testng.reporters.JUnitReportReporter -->
<testsuite hostname="LAPTOP-STP14Q1E" failures="0" tests="3" name="test.Day4" time="0.005" errors="0" timestamp="2024-08-20T18:46:21 IST" skipped="0">
  <testcase classname="test.Day4" name="mobileLoginHomeLoan" time="0.002"/>
  <system-out/>
  <testcase classname="test.Day4" name="LoginAPIHomeLoan" time="0.002"/>
  <system-out/>
  <testcase classname="test.Day4" name="webloginHomeLoan" time="0.001"/>
  <system-out/>
</testsuite> <!-- test.Day4 -->
