<?xml version="1.0" encoding="UTF-8"?>
<!-- Generated by org.testng.reporters.JUnitReportReporter -->
<testsuite hostname="LAPTOP-STP14Q1E" failures="0" tests="1" name="test.Day2" time="0.002" errors="0" timestamp="2024-08-20T18:46:21 IST" skipped="0">
  <testcase classname="test.Day2" name="personalLoan" time="0.002"/>
  <system-out/>
</testsuite> <!-- test.Day2 -->
